<?xml version="1.0" encoding="UTF-8"?>
<testsuite xmlns:xsi="http://www.w3.org/2001/XMLSchema-instance" xsi:noNamespaceSchemaLocation="https://maven.apache.org/surefire/maven-surefire-plugin/xsd/surefire-test-report.xsd" name="example.project.TestExtractMethods" time="0.022" tests="1" errors="0" skipped="0" failures="0">
  <properties>
    <property name="java.specification.version" value="14"/>
    <property name="sun.cpu.isalist" value="amd64"/>
    <property name="sun.jnu.encoding" value="Cp1252"/>
    <property name="java.class.path" value="E:\com6523\resp-and-clones-ayesh99747\target\test-classes;E:\com6523\resp-and-clones-ayesh99747\target\classes;C:\Users\ayesh\.m2\repository\org\junit\jupiter\junit-jupiter-engine\5.9.1\junit-jupiter-engine-5.9.1.jar;C:\Users\ayesh\.m2\repository\org\junit\platform\junit-platform-engine\1.9.1\junit-platform-engine-1.9.1.jar;C:\Users\ayesh\.m2\repository\org\opentest4j\opentest4j\1.2.0\opentest4j-1.2.0.jar;C:\Users\ayesh\.m2\repository\org\junit\platform\junit-platform-commons\1.9.1\junit-platform-commons-1.9.1.jar;C:\Users\ayesh\.m2\repository\org\junit\jupiter\junit-jupiter-api\5.9.1\junit-jupiter-api-5.9.1.jar;C:\Users\ayesh\.m2\repository\org\apiguardian\apiguardian-api\1.1.2\apiguardian-api-1.1.2.jar;C:\Users\ayesh\.m2\repository\org\mockito\mockito-core\5.2.0\mockito-core-5.2.0.jar;C:\Users\ayesh\.m2\repository\net\bytebuddy\byte-buddy\1.14.1\byte-buddy-1.14.1.jar;C:\Users\ayesh\.m2\repository\net\bytebuddy\byte-buddy-agent\1.14.1\byte-buddy-agent-1.14.1.jar;C:\Users\ayesh\.m2\repository\org\objenesis\objenesis\3.3\objenesis-3.3.jar;C:\Users\ayesh\.m2\repository\org\mockito\mockito-junit-jupiter\5.2.0\mockito-junit-jupiter-5.2.0.jar;"/>
    <property name="java.vm.vendor" value="Oracle Corporation"/>
    <property name="sun.arch.data.model" value="64"/>
    <property name="user.variant" value=""/>
    <property name="java.vendor.url" value="https://java.oracle.com/"/>
    <property name="user.timezone" value="Europe/London"/>
    <property name="os.name" value="Windows 10"/>
    <property name="java.vm.specification.version" value="14"/>
    <property name="sun.java.launcher" value="SUN_STANDARD"/>
    <property name="user.country" value="GB"/>
    <property name="sun.boot.library.path" value="C:\Program Files\Java\jdk-14.0.2\bin"/>
    <property name="sun.java.command" value="C:\Users\ayesh\AppData\Local\Temp\surefire12984652870870921708\surefirebooter15392423520258862531.jar C:\Users\ayesh\AppData\Local\Temp\surefire12984652870870921708 2023-04-26T11-16-20_864-jvmRun1 surefire1826912391282365628tmp surefire_01730049300491460762tmp"/>
    <property name="jdk.debug" value="release"/>
    <property name="test" value="TestExtractMethods"/>
    <property name="surefire.test.class.path" value="E:\com6523\resp-and-clones-ayesh99747\target\test-classes;E:\com6523\resp-and-clones-ayesh99747\target\classes;C:\Users\ayesh\.m2\repository\org\junit\jupiter\junit-jupiter-engine\5.9.1\junit-jupiter-engine-5.9.1.jar;C:\Users\ayesh\.m2\repository\org\junit\platform\junit-platform-engine\1.9.1\junit-platform-engine-1.9.1.jar;C:\Users\ayesh\.m2\repository\org\opentest4j\opentest4j\1.2.0\opentest4j-1.2.0.jar;C:\Users\ayesh\.m2\repository\org\junit\platform\junit-platform-commons\1.9.1\junit-platform-commons-1.9.1.jar;C:\Users\ayesh\.m2\repository\org\junit\jupiter\junit-jupiter-api\5.9.1\junit-jupiter-api-5.9.1.jar;C:\Users\ayesh\.m2\repository\org\apiguardian\apiguardian-api\1.1.2\apiguardian-api-1.1.2.jar;C:\Users\ayesh\.m2\repository\org\mockito\mockito-core\5.2.0\mockito-core-5.2.0.jar;C:\Users\ayesh\.m2\repository\net\bytebuddy\byte-buddy\1.14.1\byte-buddy-1.14.1.jar;C:\Users\ayesh\.m2\repository\net\bytebuddy\byte-buddy-agent\1.14.1\byte-buddy-agent-1.14.1.jar;C:\Users\ayesh\.m2\repository\org\objenesis\objenesis\3.3\objenesis-3.3.jar;C:\Users\ayesh\.m2\repository\org\mockito\mockito-junit-jupiter\5.2.0\mockito-junit-jupiter-5.2.0.jar;"/>
    <property name="sun.cpu.endian" value="little"/>
    <property name="user.home" value="C:\Users\ayesh"/>
    <property name="user.language" value="en"/>
    <property name="java.specification.vendor" value="Oracle Corporation"/>
    <property name="java.version.date" value="2020-07-14"/>
    <property name="java.home" value="C:\Program Files\Java\jdk-14.0.2"/>
    <property name="file.separator" value="\"/>
    <property name="basedir" value="E:\com6523\resp-and-clones-ayesh99747"/>
    <property name="java.vm.compressedOopsMode" value="Zero based"/>
    <property name="line.separator" value="&#10;"/>
    <property name="java.vm.specification.vendor" value="Oracle Corporation"/>
    <property name="java.specification.name" value="Java Platform API Specification"/>
    <property name="surefire.real.class.path" value="C:\Users\ayesh\AppData\Local\Temp\surefire12984652870870921708\surefirebooter15392423520258862531.jar"/>
    <property name="user.script" value=""/>
    <property name="sun.management.compiler" value="HotSpot 64-Bit Tiered Compilers"/>
    <property name="java.runtime.version" value="14.0.2+12-46"/>
    <property name="user.name" value="ayesh"/>
    <property name="path.separator" value=";"/>
    <property name="os.version" value="10.0"/>
    <property name="java.runtime.name" value="Java(TM) SE Runtime Environment"/>
    <property name="file.encoding" value="Cp1252"/>
    <property name="java.vm.name" value="Java HotSpot(TM) 64-Bit Server VM"/>
    <property name="localRepository" value="C:\Users\ayesh\.m2\repository"/>
    <property name="java.vendor.url.bug" value="https://bugreport.java.com/bugreport/"/>
    <property name="java.io.tmpdir" value="C:\Users\ayesh\AppData\Local\Temp\"/>
    <property name="java.version" value="14.0.2"/>
    <property name="user.dir" value="E:\com6523\resp-and-clones-ayesh99747"/>
    <property name="os.arch" value="amd64"/>
    <property name="java.vm.specification.name" value="Java Virtual Machine Specification"/>
    <property name="sun.os.patch.level" value=""/>
    <property name="java.library.path" value="C:\Program Files\Java\jdk-14.0.2\bin;C:\WINDOWS\Sun\Java\bin;C:\WINDOWS\system32;C:\WINDOWS;C:\Program Files\Git\mingw64\bin;C:\Program Files\Git\usr\bin;C:\Users\ayesh\bin;C:\Program Files\NVIDIA GPU Computing Toolkit\CUDA\v12.0\bin;C:\Program Files\NVIDIA GPU Computing Toolkit\CUDA\v12.0\libnvvp;C:\Windows\system32;C:\Windows;C:\Windows\System32\Wbem;C:\Windows\System32\WindowsPowerShell\v1.0;C:\Windows\System32\OpenSSH;C:\Program Files\NVIDIA Corporation\NVIDIA NvDLISR;C:\Program Files (x86)\NVIDIA Corporation\PhysX\Common;C:\Program Files\dotnet;C:\Program Files\Amazon\AWSCLIV2;C:\WINDOWS\system32;C:\WINDOWS;C:\WINDOWS\System32\Wbem;C:\WINDOWS\System32\WindowsPowerShell\v1.0;C:\WINDOWS\System32\OpenSSH;C:\Program Files\Microsoft SQL Server\150\Tools\Binn;C:\Program Files\NVIDIA Corporation\Nsight Compute 2022.4.0;C:\Windows\chromedriver_win32\chromedriver.exe;C:\Program Files\Maven\apache-maven-3.9.0\bin;C:\Program Files\nodejs;C:\Program Files\Git\cmd;C:\Users\ayesh\.cargo\bin;C:\Users\ayesh\anaconda3;C:\Users\ayesh\anaconda3\Library\mingw-w64\bin;C:\Users\ayesh\anaconda3\Library\usr\bin;C:\Users\ayesh\anaconda3\Library\bin;C:\Users\ayesh\anaconda3\Scripts;C:\Users\ayesh\AppData\Local\Microsoft\WindowsApps;C:\Users\ayesh\AppData\Local\GitHubDesktop\bin;C:\Users\ayesh\AppData\Local\Programs\Microsoft VS Code\bin;C:\Users\ayesh\AppData\Local\JetBrains\Toolbox\scripts;C:\Users\ayesh\AppData\Local\Microsoft\WindowsApps;C:\Users\ayesh\.dotnet\tools;C:\mingw64\bin\gcc.exe;C:\mingw64\bin;C:\Users\ayesh\anaconda3\python.exe;C:\Users\ayesh\anaconda3\Scripts\conda.exe;C:\Users\ayesh\AppData\Roaming\npm;C:\Program Files\Java\jdk-14.0.2\bin;C:\Program Files\MongoDB\Server\6.0\bin;C:\Program Files\Git\usr\bin;C:\Users\ayesh\AppData\Local\Programs\Neovim\bin;."/>
    <property name="java.vm.info" value="mixed mode, sharing"/>
    <property name="java.vendor" value="Oracle Corporation"/>
    <property name="java.vm.version" value="14.0.2+12-46"/>
    <property name="sun.io.unicode.encoding" value="UnicodeLittle"/>
    <property name="java.class.version" value="58.0"/>
  </properties>
  <testcase name="test_foo_after_refactoring" classname="example.project.TestExtractMethods" time="0.018"/>
</testsuite>